-----------------------------
 1 |   |   |   |   |   |   |   |
   -----------------------------
 2 |   |   |   |   |   |   |   |
   -----------------------------
 3 |   |   |   |   |   |   |   |
   -----------------------------
 4 |   |   |   |   |   |   |   |
   -----------------------------
 5 |   |   |   |   |   |   |   |
   -----------------------------
 6 |   |   |   |   |   |   |   |
   -----------------------------
 7 |   |   |   |   |   |   |   |
   -----------------------------
     1   2   3   4   5   6   7

Informe a coluna ou zero para encerrar: 7

   -----------------------------
 1 |   |   |   |   |   |   |   |   - Rodada: 1
   -----------------------------
 2 |   |   |   |   |   |   |   |   - Placar: 0 | 0
   -----------------------------
 3 |   |   |   |   |   |   |   |   - Máquina (O) jogou em 5 (7)
   -----------------------------
 4 |   |   |   |   |   |   |   |   - Oponente (X) jogou em 7 (7)
   -----------------------------
 5 |   |   |   |   |   |   |   |
   -----------------------------
 6 |   |   |   |   |   |   |   |
   -----------------------------
 7 |   |   |   |   | O |   | X |
   -----------------------------
     1   2   3   4   5   6   7

Informe a coluna ou zero para encerrar: 7

   -----------------------------
 1 |   |   |   |   |   |   |   |   - Rodada: 2
   -----------------------------
 2 |   |   |   |   |   |   |   |   - Placar: 0 | -300.0
   -----------------------------
 3 |   |   |   |   |   |   |   |   - Máquina (O) jogou em 7 (5)
   -----------------------------
 4 |   |   |   |   |   |   |   |   - Oponente (X) jogou em 7 (6)
   -----------------------------
 5 |   |   |   |   |   |   | O |
   -----------------------------
 6 |   |   |   |   |   |   | X |
   -----------------------------
 7 |   |   |   |   | O |   | X |
   -----------------------------
     1   2   3   4   5   6   7

Informe a coluna ou zero para encerrar: 5

   -----------------------------
 1 |   |   |   |   |   |   |   |   - Rodada: 3
   -----------------------------
 2 |   |   |   |   |   |   |   |   - Placar: 0 | 0.0
   -----------------------------
 3 |   |   |   |   |   |   |   |   - Máquina (O) jogou em 5 (5)
   -----------------------------
 4 |   |   |   |   |   |   |   |   - Oponente (X) jogou em 5 (6)
   -----------------------------
 5 |   |   |   |   | O |   | O |
   -----------------------------
 6 |   |   |   |   | X |   | X |
   -----------------------------
 7 |   |   |   |   | O |   | X |
   -----------------------------
     1   2   3   4   5   6   7

Informe a coluna ou zero para encerrar: 6

   -----------------------------
 1 |   |   |   |   |   |   |   |   - Rodada: 4
   -----------------------------
 2 |   |   |   |   |   |   |   |   - Placar: 30 | 0
   -----------------------------
 3 |   |   |   |   |   |   |   |   - Máquina (O) jogou em 6 (6)
   -----------------------------
 4 |   |   |   |   |   |   |   |   - Oponente (X) jogou em 6 (7)
   -----------------------------
 5 |   |   |   |   | O |   | O |
   -----------------------------
 6 |   |   |   |   | X | O | X |
   -----------------------------
 7 |   |   |   |   | O | X | X |
   -----------------------------
     1   2   3   4   5   6   7

Informe a coluna ou zero para encerrar: 1

   -----------------------------
 1 |   |   |   |   |   |   |   |   - Rodada: 5
   -----------------------------
 2 |   |   |   |   |   |   |   |   - Placar: 135 | -500
   -----------------------------
 3 |   |   |   |   |   |   |   |   - Máquina (O) jogou em 6 (5)
   -----------------------------
 4 |   |   |   |   |   |   |   |   - Oponente (X) jogou em 1 (7)
   -----------------------------
 5 |   |   |   |   | O | O | O |
   -----------------------------
 6 |   |   |   |   | X | O | X |
   -----------------------------
 7 | X |   |   |   | O | X | X |
   -----------------------------
     1   2   3   4   5   6   7

Informe a coluna ou zero para encerrar: 6

   -----------------------------
 1 |   |   |   |   |   |   |   |   - Rodada: 6
   -----------------------------
 2 |   |   |   |   |   |   |   |   - Placar: 165 | -500
   -----------------------------
 3 |   |   |   |   |   |   |   |   - Máquina (O) jogou em 5 (4)
   -----------------------------
 4 |   |   |   |   | O | X |   |   - Oponente (X) jogou em 6 (4)
   -----------------------------
 5 |   |   |   |   | O | O | O |
   -----------------------------
 6 |   |   |   |   | X | O | X |
   -----------------------------
 7 | X |   |   |   | O | X | X |
   -----------------------------
     1   2   3   4   5   6   7

Informe a coluna ou zero para encerrar: 5

   -----------------------------
 1 |   |   |   |   |   |   |   |   - Rodada: 7
   -----------------------------
 2 |   |   |   |   |   |   |   |   - Placar: 165 | -500
   -----------------------------
 3 |   |   |   |   | X | O |   |   - Máquina (O) jogou em 6 (3)
   -----------------------------
 4 |   |   |   |   | O | X |   |   - Oponente (X) jogou em 5 (3)
   -----------------------------
 5 |   |   |   |   | O | O | O |
   -----------------------------
 6 |   |   |   |   | X | O | X |
   -----------------------------
 7 | X |   |   |   | O | X | X |
   -----------------------------
     1   2   3   4   5   6   7

Informe a coluna ou zero para encerrar: 2

   -----------------------------
 1 |   |   |   |   |   |   |   |   - Rodada: 8
   -----------------------------
 2 |   |   |   |   |   |   |   |   - Placar: 195 | -500
   -----------------------------
 3 |   |   |   |   | X | O |   |   - Máquina (O) jogou em 7 (4)
   -----------------------------
 4 |   |   |   |   | O | X | O |   - Oponente (X) jogou em 2 (7)
   -----------------------------
 5 |   |   |   |   | O | O | O |
   -----------------------------
 6 |   |   |   |   | X | O | X |
   -----------------------------
 7 | X | X |   |   | O | X | X |
   -----------------------------
     1   2   3   4   5   6   7

Informe a coluna ou zero para encerrar: 7

   -----------------------------
 1 |   |   |   |   |   |   |   |   - Rodada: 9
   -----------------------------
 2 |   |   |   |   |   |   | O |   - Placar: 210 | -500
   -----------------------------
 3 |   |   |   |   | X | O | X |   - Máquina (O) jogou em 7 (2)
   -----------------------------
 4 |   |   |   |   | O | X | O |   - Oponente (X) jogou em 7 (3)
   -----------------------------
 5 |   |   |   |   | O | O | O |
   -----------------------------
 6 |   |   |   |   | X | O | X |
   -----------------------------
 7 | X | X |   |   | O | X | X |
   -----------------------------
     1   2   3   4   5   6   7

Informe a coluna ou zero para encerrar: 4

   -----------------------------
 1 |   |   |   |   |   |   |   |   - Rodada: 10
   -----------------------------
 2 |   |   |   |   |   |   | O |   - Placar: 240 | -500
   -----------------------------
 3 |   |   |   |   | X | O | X |   - Máquina (O) jogou em 3 (7)
   -----------------------------
 4 |   |   |   |   | O | X | O |   - Oponente (X) jogou em 4 (7)
   -----------------------------
 5 |   |   |   |   | O | O | O |
   -----------------------------
 6 |   |   |   |   | X | O | X |
   -----------------------------
 7 | X | X | O | X | O | X | X |
   -----------------------------
     1   2   3   4   5   6   7

Informe a coluna ou zero para encerrar: 1

   -----------------------------
 1 |   |   |   |   |   |   |   |   - Rodada: 11
   -----------------------------
 2 |   |   |   |   | O |   | O |   - Placar: 285 | -500
   -----------------------------
 3 |   |   |   |   | X | O | X |   - Máquina (O) jogou em 5 (2)
   -----------------------------
 4 |   |   |   |   | O | X | O |   - Oponente (X) jogou em 1 (6)
   -----------------------------
 5 |   |   |   |   | O | O | O |
   -----------------------------
 6 | X |   |   |   | X | O | X |
   -----------------------------
 7 | X | X | O | X | O | X | X |
   -----------------------------
     1   2   3   4   5   6   7

Informe a coluna ou zero para encerrar: 3

   -----------------------------
 1 |   |   |   |   |   |   |   |   - Rodada: 12
   -----------------------------
 2 |   |   |   |   | O |   | O |   - Placar: 225 | -500
   -----------------------------
 3 |   |   |   |   | X | O | X |   - Máquina (O) jogou em 2 (6)
   -----------------------------
 4 |   |   |   |   | O | X | O |   - Oponente (X) jogou em 3 (6)
   -----------------------------
 5 |   |   |   |   | O | O | O |
   -----------------------------
 6 | X | O | X |   | X | O | X |
   -----------------------------
 7 | X | X | O | X | O | X | X |
   -----------------------------
     1   2   3   4   5   6   7

Informe a coluna ou zero para encerrar: 3

   -----------------------------
 1 |   |   |   |   |   |   |   |   - Rodada: 13
   -----------------------------
 2 |   |   |   |   | O |   | O |   - Placar: 285 | -500
   -----------------------------
 3 |   |   |   |   | X | O | X |   - Máquina (O) jogou em 3 (4)
   -----------------------------
 4 |   |   | O |   | O | X | O |   - Oponente (X) jogou em 3 (5)
   -----------------------------
 5 |   |   | X |   | O | O | O |
   -----------------------------
 6 | X | O | X |   | X | O | X |
   -----------------------------
 7 | X | X | O | X | O | X | X |
   -----------------------------
     1   2   3   4   5   6   7

Informe a coluna ou zero para encerrar: 2

   -----------------------------
 1 |   |   |   |   |   |   |   |   - Rodada: 14
   -----------------------------
 2 |   |   |   |   | O | O | O |   - Placar: 285 | -500
   -----------------------------
 3 |   |   |   |   | X | O | X |   - Máquina (O) jogou em 6 (2)
   -----------------------------
 4 |   |   | O |   | O | X | O |   - Oponente (X) jogou em 2 (5)
   -----------------------------
 5 |   | X | X |   | O | O | O |
   -----------------------------
 6 | X | O | X |   | X | O | X |
   -----------------------------
 7 | X | X | O | X | O | X | X |
   -----------------------------
     1   2   3   4   5   6   7

Informe a coluna ou zero para encerrar: 1

   -----------------------------
 1 |   |   |   |   |   |   |   |   - Rodada: 15
   -----------------------------
 2 |   |   |   |   | O | O | O |   - Placar: 375 | -500
   -----------------------------
 3 |   |   |   |   | X | O | X |   - Máquina (O) jogou em 1 (4)
   -----------------------------
 4 | O |   | O |   | O | X | O |   - Oponente (X) jogou em 1 (5)
   -----------------------------
 5 | X | X | X |   | O | O | O |
   -----------------------------
 6 | X | O | X |   | X | O | X |
   -----------------------------
 7 | X | X | O | X | O | X | X |
   -----------------------------
     1   2   3   4   5   6   7

Informe a coluna ou zero para encerrar: 2

   -----------------------------
 1 |   |   |   |   |   |   |   |   - Rodada: 16
   -----------------------------
 2 |   |   |   |   | O | O | O |   - Placar: 355 | -500
   -----------------------------
 3 |   |   | O |   | X | O | X |   - Máquina (O) jogou em 3 (3)
   -----------------------------
 4 | O | X | O |   | O | X | O |   - Oponente (X) jogou em 2 (4)
   -----------------------------
 5 | X | X | X |   | O | O | O |
   -----------------------------
 6 | X | O | X |   | X | O | X |
   -----------------------------
 7 | X | X | O | X | O | X | X |
   -----------------------------
     1   2   3   4   5   6   7

Informe a coluna ou zero para encerrar: 2

   -----------------------------
 1 |   |   |   |   |   |   |   |   - Rodada: 17
   -----------------------------
 2 |   | O |   |   | O | O | O |   - Placar: 445 | -500
   -----------------------------
 3 |   | X | O |   | X | O | X |   - Máquina (O) jogou em 2 (2)
   -----------------------------
 4 | O | X | O |   | O | X | O |   - Oponente (X) jogou em 2 (3)
   -----------------------------
 5 | X | X | X |   | O | O | O |
   -----------------------------
 6 | X | O | X |   | X | O | X |
   -----------------------------
 7 | X | X | O | X | O | X | X |
   -----------------------------
     1   2   3   4   5   6   7

Informe a coluna ou zero para encerrar: 3

   -----------------------------
 1 |   |   |   |   |   |   |   |   - Rodada: 18
   -----------------------------
 2 |   | O | X |   | O | O | O |   - Placar: 415 | -500
   -----------------------------
 3 | O | X | O |   | X | O | X |   - Máquina (O) jogou em 1 (3)
   -----------------------------
 4 | O | X | O |   | O | X | O |   - Oponente (X) jogou em 3 (2)
   -----------------------------
 5 | X | X | X |   | O | O | O |
   -----------------------------
 6 | X | O | X |   | X | O | X |
   -----------------------------
 7 | X | X | O | X | O | X | X |
   -----------------------------
     1   2   3   4   5   6   7

Informe a coluna ou zero para encerrar: 1

   -----------------------------
 1 | O |   |   |   |   |   |   |   - Rodada: 19
   -----------------------------
 2 | X | O | X |   | O | O | O |   - Placar: 420 | -500
   -----------------------------
 3 | O | X | O |   | X | O | X |   - Máquina (O) jogou em 1 (1)
   -----------------------------
 4 | O | X | O |   | O | X | O |   - Oponente (X) jogou em 1 (2)
   -----------------------------
 5 | X | X | X |   | O | O | O |
   -----------------------------
 6 | X | O | X |   | X | O | X |
   -----------------------------
 7 | X | X | O | X | O | X | X |
   -----------------------------
     1   2   3   4   5   6   7

Informe a coluna ou zero para encerrar: 2

   -----------------------------
 1 | O | X | O |   |   |   |   |   - Rodada: 20
   -----------------------------
 2 | X | O | X |   | O | O | O |   - Placar: 450 | -500
   -----------------------------
 3 | O | X | O |   | X | O | X |   - Máquina (O) jogou em 3 (1)
   -----------------------------
 4 | O | X | O |   | O | X | O |   - Oponente (X) jogou em 2 (1)
   -----------------------------
 5 | X | X | X |   | O | O | O |
   -----------------------------
 6 | X | O | X |   | X | O | X |
   -----------------------------
 7 | X | X | O | X | O | X | X |
   -----------------------------
     1   2   3   4   5   6   7

Informe a coluna ou zero para encerrar: 5

   -----------------------------
 1 | O | X | O |   | X | O |   |   - Rodada: 21
   -----------------------------
 2 | X | O | X |   | O | O | O |   - Placar: 480 | -500
   -----------------------------
 3 | O | X | O |   | X | O | X |   - Máquina (O) jogou em 6 (1)
   -----------------------------
 4 | O | X | O |   | O | X | O |   - Oponente (X) jogou em 5 (1)
   -----------------------------
 5 | X | X | X |   | O | O | O |
   -----------------------------
 6 | X | O | X |   | X | O | X |
   -----------------------------
 7 | X | X | O | X | O | X | X |
   -----------------------------
     1   2   3   4   5   6   7

Informe a coluna ou zero para encerrar: 7

   -----------------------------
 1 | O | X | O |   | X | O | X |   - Rodada: 22
   -----------------------------
 2 | X | O | X |   | O | O | O |   - Placar: 480 | -500
   -----------------------------
 3 | O | X | O |   | X | O | X |   - Máquina (O) jogou em 4 (6)
   -----------------------------
 4 | O | X | O |   | O | X | O |   - Oponente (X) jogou em 7 (1)
   -----------------------------
 5 | X | X | X |   | O | O | O |
   -----------------------------
 6 | X | O | X | O | X | O | X |
   -----------------------------
 7 | X | X | O | X | O | X | X |
   -----------------------------
     1   2   3   4   5   6   7

Informe a coluna ou zero para encerrar: 4

   -----------------------------
 1 | O | X | O |   | X | O | X |   - Rodada: 23
   -----------------------------
 2 | X | O | X |   | O | O | O |   - Placar: 210 | -1000
   -----------------------------
 3 | O | X | O |   | X | O | X |   - Máquina (O) jogou em 4 (4)
   -----------------------------
 4 | O | X | O | O | O | X | O |   - Oponente (X) jogou em 4 (5)
   -----------------------------
 5 | X | X | X | X | O | O | O |
   -----------------------------
 6 | X | O | X | O | X | O | X |
   -----------------------------
 7 | X | X | O | X | O | X | X |
   -----------------------------
     1   2   3   4   5   6   7
Oponente ganhou
